<?xml version="1.0" encoding="UTF-8"?>
<!-- Generated by org.testng.reporters.JUnitReportReporter -->
<testsuite hostname="DESKTOP-IAIA0EV" failures="0" tests="1" name="Test.ButtonTest" time="0.016" errors="0" timestamp="2023-02-20T19:47:06 IST" skipped="0">
  <testcase classname="Test.ButtonTest" name="buttonMethods" time="0.016"/>
  <system-out/>
</testsuite> <!-- Test.ButtonTest -->
