<?xml version="1.0" encoding="UTF-8"?>
<!-- Generated by org.testng.reporters.JUnitReportReporter -->
<testsuite hostname="DESKTOP-IAIA0EV" failures="0" tests="1" name="Test.FacebookLogin" time="29.128" errors="0" timestamp="2023-02-05T21:43:31 IST" skipped="0">
  <testcase classname="Test.FacebookLogin" name="LoginPage" time="29.128"/>
  <system-out/>
</testsuite> <!-- Test.FacebookLogin -->
