<?xml version="1.0" encoding="UTF-8"?>
<!-- Generated by org.testng.reporters.JUnitReportReporter -->
<testsuite hostname="DESKTOP-IAIA0EV" failures="0" tests="1" name="Test.TextboxTest" time="3.094" errors="0" timestamp="2023-02-20T10:28:41 IST" skipped="0">
  <testcase classname="Test.TextboxTest" name="textboxMethods" time="3.094"/>
  <system-out/>
</testsuite> <!-- Test.TextboxTest -->
