<?xml version="1.0" encoding="UTF-8"?>
<!-- Generated by org.testng.reporters.JUnitReportReporter -->
<testsuite hostname="SATHISH" failures="0" tests="1" name="Test.Locators" time="41.846" errors="0" timestamp="2022-12-30T12:24:35 IST" skipped="0">
  <testcase classname="Test.Locators" name="LoginPage" time="41.846"/>
  <system-out/>
</testsuite> <!-- Test.Locators -->
